<?xml version="1.0" encoding="UTF-8"?>
<testsuite xmlns:xsi="http://www.w3.org/2001/XMLSchema-instance" xsi:noNamespaceSchemaLocation="https://maven.apache.org/surefire/maven-surefire-plugin/xsd/surefire-test-report.xsd" name="com.github.nutt1101.PluginTest" time="0.003" tests="0" errors="0" skipped="0" failures="0">
  <properties>
    <property name="java.specification.version" value="16"/>
    <property name="sun.jnu.encoding" value="UTF-8"/>
    <property name="java.class.path" value="/home/nutt1101/github/NUTTDiscordBot/target/test-classes:/home/nutt1101/github/NUTTDiscordBot/target/classes:/home/nutt1101/.m2/repository/org/spigotmc/spigot-api/1.17.1-R0.1-SNAPSHOT/spigot-api-1.17.1-R0.1-SNAPSHOT.jar:/home/nutt1101/.m2/repository/commons-lang/commons-lang/2.6/commons-lang-2.6.jar:/home/nutt1101/.m2/repository/com/google/guava/guava/21.0/guava-21.0.jar:/home/nutt1101/.m2/repository/com/google/code/gson/gson/2.8.0/gson-2.8.0.jar:/home/nutt1101/.m2/repository/net/md-5/bungeecord-chat/1.16-R0.4/bungeecord-chat-1.16-R0.4.jar:/home/nutt1101/.m2/repository/org/yaml/snakeyaml/1.28/snakeyaml-1.28.jar:/home/nutt1101/.m2/repository/net/dv8tion/JDA/4.3.0_277/JDA-4.3.0_277.jar:/home/nutt1101/.m2/repository/com/google/code/findbugs/jsr305/3.0.2/jsr305-3.0.2.jar:/home/nutt1101/.m2/repository/org/jetbrains/annotations/16.0.1/annotations-16.0.1.jar:/home/nutt1101/.m2/repository/org/slf4j/slf4j-api/1.7.25/slf4j-api-1.7.25.jar:/home/nutt1101/.m2/repository/com/neovisionaries/nv-websocket-client/2.14/nv-websocket-client-2.14.jar:/home/nutt1101/.m2/repository/com/squareup/okhttp3/okhttp/3.13.0/okhttp-3.13.0.jar:/home/nutt1101/.m2/repository/com/squareup/okio/okio/1.17.2/okio-1.17.2.jar:/home/nutt1101/.m2/repository/club/minnced/opus-java-api/1.1.0/opus-java-api-1.1.0.jar:/home/nutt1101/.m2/repository/net/java/dev/jna/jna/4.4.0/jna-4.4.0.jar:/home/nutt1101/.m2/repository/club/minnced/opus-java-natives/1.1.0/opus-java-natives-1.1.0.jar:/home/nutt1101/.m2/repository/org/apache/commons/commons-collections4/4.1/commons-collections4-4.1.jar:/home/nutt1101/.m2/repository/net/sf/trove4j/trove4j/3.0.3/trove4j-3.0.3.jar:/home/nutt1101/.m2/repository/com/fasterxml/jackson/core/jackson-databind/2.10.1/jackson-databind-2.10.1.jar:/home/nutt1101/.m2/repository/com/fasterxml/jackson/core/jackson-annotations/2.10.1/jackson-annotations-2.10.1.jar:/home/nutt1101/.m2/repository/com/fasterxml/jackson/core/jackson-core/2.10.1/jackson-core-2.10.1.jar:/home/nutt1101/.m2/repository/org/jsoup/jsoup/1.14.2/jsoup-1.14.2.jar:"/>
    <property name="java.vm.vendor" value="Oracle Corporation"/>
    <property name="sun.arch.data.model" value="64"/>
    <property name="java.vendor.url" value="https://java.oracle.com/"/>
    <property name="os.name" value="Linux"/>
    <property name="java.vm.specification.version" value="16"/>
    <property name="sun.java.launcher" value="SUN_STANDARD"/>
    <property name="user.country" value="TW"/>
    <property name="sun.boot.library.path" value="/usr/lib/jvm/jdk-16.0.1/lib"/>
    <property name="sun.java.command" value="/home/nutt1101/github/NUTTDiscordBot/target/surefire/surefirebooter8530108480872074314.jar /home/nutt1101/github/NUTTDiscordBot/target/surefire 2021-10-31T15-26-55_381-jvmRun1 surefire4027214447558915861tmp surefire_07767487150769849028tmp"/>
    <property name="jdk.debug" value="release"/>
    <property name="surefire.test.class.path" value="/home/nutt1101/github/NUTTDiscordBot/target/test-classes:/home/nutt1101/github/NUTTDiscordBot/target/classes:/home/nutt1101/.m2/repository/org/spigotmc/spigot-api/1.17.1-R0.1-SNAPSHOT/spigot-api-1.17.1-R0.1-SNAPSHOT.jar:/home/nutt1101/.m2/repository/commons-lang/commons-lang/2.6/commons-lang-2.6.jar:/home/nutt1101/.m2/repository/com/google/guava/guava/21.0/guava-21.0.jar:/home/nutt1101/.m2/repository/com/google/code/gson/gson/2.8.0/gson-2.8.0.jar:/home/nutt1101/.m2/repository/net/md-5/bungeecord-chat/1.16-R0.4/bungeecord-chat-1.16-R0.4.jar:/home/nutt1101/.m2/repository/org/yaml/snakeyaml/1.28/snakeyaml-1.28.jar:/home/nutt1101/.m2/repository/net/dv8tion/JDA/4.3.0_277/JDA-4.3.0_277.jar:/home/nutt1101/.m2/repository/com/google/code/findbugs/jsr305/3.0.2/jsr305-3.0.2.jar:/home/nutt1101/.m2/repository/org/jetbrains/annotations/16.0.1/annotations-16.0.1.jar:/home/nutt1101/.m2/repository/org/slf4j/slf4j-api/1.7.25/slf4j-api-1.7.25.jar:/home/nutt1101/.m2/repository/com/neovisionaries/nv-websocket-client/2.14/nv-websocket-client-2.14.jar:/home/nutt1101/.m2/repository/com/squareup/okhttp3/okhttp/3.13.0/okhttp-3.13.0.jar:/home/nutt1101/.m2/repository/com/squareup/okio/okio/1.17.2/okio-1.17.2.jar:/home/nutt1101/.m2/repository/club/minnced/opus-java-api/1.1.0/opus-java-api-1.1.0.jar:/home/nutt1101/.m2/repository/net/java/dev/jna/jna/4.4.0/jna-4.4.0.jar:/home/nutt1101/.m2/repository/club/minnced/opus-java-natives/1.1.0/opus-java-natives-1.1.0.jar:/home/nutt1101/.m2/repository/org/apache/commons/commons-collections4/4.1/commons-collections4-4.1.jar:/home/nutt1101/.m2/repository/net/sf/trove4j/trove4j/3.0.3/trove4j-3.0.3.jar:/home/nutt1101/.m2/repository/com/fasterxml/jackson/core/jackson-databind/2.10.1/jackson-databind-2.10.1.jar:/home/nutt1101/.m2/repository/com/fasterxml/jackson/core/jackson-annotations/2.10.1/jackson-annotations-2.10.1.jar:/home/nutt1101/.m2/repository/com/fasterxml/jackson/core/jackson-core/2.10.1/jackson-core-2.10.1.jar:/home/nutt1101/.m2/repository/org/jsoup/jsoup/1.14.2/jsoup-1.14.2.jar:"/>
    <property name="sun.cpu.endian" value="little"/>
    <property name="user.home" value="/home/nutt1101"/>
    <property name="user.language" value="zh"/>
    <property name="java.specification.vendor" value="Oracle Corporation"/>
    <property name="java.version.date" value="2021-04-20"/>
    <property name="java.home" value="/usr/lib/jvm/jdk-16.0.1"/>
    <property name="file.separator" value="/"/>
    <property name="basedir" value="/home/nutt1101/github/NUTTDiscordBot"/>
    <property name="java.vm.compressedOopsMode" value="32-bit"/>
    <property name="line.separator" value="&#10;"/>
    <property name="java.vm.specification.vendor" value="Oracle Corporation"/>
    <property name="java.specification.name" value="Java Platform API Specification"/>
    <property name="surefire.real.class.path" value="/home/nutt1101/github/NUTTDiscordBot/target/surefire/surefirebooter8530108480872074314.jar"/>
    <property name="sun.management.compiler" value="HotSpot 64-Bit Tiered Compilers"/>
    <property name="java.runtime.version" value="16.0.1+9-24"/>
    <property name="user.name" value="nutt1101"/>
    <property name="path.separator" value=":"/>
    <property name="os.version" value="5.11.0-38-generic"/>
    <property name="java.runtime.name" value="Java(TM) SE Runtime Environment"/>
    <property name="file.encoding" value="UTF-8"/>
    <property name="java.vm.name" value="Java HotSpot(TM) 64-Bit Server VM"/>
    <property name="localRepository" value="/home/nutt1101/.m2/repository"/>
    <property name="java.vendor.url.bug" value="https://bugreport.java.com/bugreport/"/>
    <property name="java.io.tmpdir" value="/tmp"/>
    <property name="java.version" value="16.0.1"/>
    <property name="user.dir" value="/home/nutt1101/github/NUTTDiscordBot"/>
    <property name="os.arch" value="amd64"/>
    <property name="java.vm.specification.name" value="Java Virtual Machine Specification"/>
    <property name="java.library.path" value="/usr/java/packages/lib:/usr/lib64:/lib64:/lib:/usr/lib"/>
    <property name="java.vm.info" value="mixed mode, sharing"/>
    <property name="java.vendor" value="Oracle Corporation"/>
    <property name="java.vm.version" value="16.0.1+9-24"/>
    <property name="sun.io.unicode.encoding" value="UnicodeLittle"/>
    <property name="java.class.version" value="60.0"/>
  </properties>
</testsuite>