<?xml version="1.0" encoding="UTF-8"?>
<testsuite xmlns:xsi="http://www.w3.org/2001/XMLSchema-instance" xsi:noNamespaceSchemaLocation="https://maven.apache.org/surefire/maven-surefire-plugin/xsd/surefire-test-report.xsd" name="com.github.nutt1101.PluginTest" time="0.002" tests="0" errors="0" skipped="0" failures="0">
  <properties>
    <property name="java.specification.version" value="16"/>
    <property name="sun.cpu.isalist" value="amd64"/>
    <property name="sun.jnu.encoding" value="MS950"/>
    <property name="java.class.path" value="c:\Users\張鋒石\NUTTDiscordBot\target\test-classes;c:\Users\張鋒石\NUTTDiscordBot\target\classes;C:\Users\張鋒石\.m2\repository\org\spigotmc\spigot-api\1.17.1-R0.1-SNAPSHOT\spigot-api-1.17.1-R0.1-SNAPSHOT.jar;C:\Users\張鋒石\.m2\repository\commons-lang\commons-lang\2.6\commons-lang-2.6.jar;C:\Users\張鋒石\.m2\repository\com\google\guava\guava\21.0\guava-21.0.jar;C:\Users\張鋒石\.m2\repository\com\google\code\gson\gson\2.8.0\gson-2.8.0.jar;C:\Users\張鋒石\.m2\repository\net\md-5\bungeecord-chat\1.16-R0.4\bungeecord-chat-1.16-R0.4.jar;C:\Users\張鋒石\.m2\repository\org\yaml\snakeyaml\1.28\snakeyaml-1.28.jar;C:\Users\張鋒石\.m2\repository\net\dv8tion\JDA\4.3.0_277\JDA-4.3.0_277.jar;C:\Users\張鋒石\.m2\repository\com\google\code\findbugs\jsr305\3.0.2\jsr305-3.0.2.jar;C:\Users\張鋒石\.m2\repository\org\jetbrains\annotations\16.0.1\annotations-16.0.1.jar;C:\Users\張鋒石\.m2\repository\org\slf4j\slf4j-api\1.7.25\slf4j-api-1.7.25.jar;C:\Users\張鋒石\.m2\repository\com\neovisionaries\nv-websocket-client\2.14\nv-websocket-client-2.14.jar;C:\Users\張鋒石\.m2\repository\com\squareup\okhttp3\okhttp\3.13.0\okhttp-3.13.0.jar;C:\Users\張鋒石\.m2\repository\com\squareup\okio\okio\1.17.2\okio-1.17.2.jar;C:\Users\張鋒石\.m2\repository\club\minnced\opus-java-api\1.1.0\opus-java-api-1.1.0.jar;C:\Users\張鋒石\.m2\repository\net\java\dev\jna\jna\4.4.0\jna-4.4.0.jar;C:\Users\張鋒石\.m2\repository\club\minnced\opus-java-natives\1.1.0\opus-java-natives-1.1.0.jar;C:\Users\張鋒石\.m2\repository\org\apache\commons\commons-collections4\4.1\commons-collections4-4.1.jar;C:\Users\張鋒石\.m2\repository\net\sf\trove4j\trove4j\3.0.3\trove4j-3.0.3.jar;C:\Users\張鋒石\.m2\repository\com\fasterxml\jackson\core\jackson-databind\2.10.1\jackson-databind-2.10.1.jar;C:\Users\張鋒石\.m2\repository\com\fasterxml\jackson\core\jackson-annotations\2.10.1\jackson-annotations-2.10.1.jar;C:\Users\張鋒石\.m2\repository\com\fasterxml\jackson\core\jackson-core\2.10.1\jackson-core-2.10.1.jar;C:\Users\張鋒石\.m2\repository\org\jsoup\jsoup\1.14.2\jsoup-1.14.2.jar;"/>
    <property name="java.vm.vendor" value="Oracle Corporation"/>
    <property name="sun.arch.data.model" value="64"/>
    <property name="user.variant" value=""/>
    <property name="java.vendor.url" value="https://java.oracle.com/"/>
    <property name="user.timezone" value="Asia/Taipei"/>
    <property name="os.name" value="Windows 10"/>
    <property name="java.vm.specification.version" value="16"/>
    <property name="sun.java.launcher" value="SUN_STANDARD"/>
    <property name="user.country" value="TW"/>
    <property name="sun.boot.library.path" value="C:\Program Files\Java\jdk-16.0.1\bin"/>
    <property name="sun.java.command" value="C:\Users\張鋒石\AppData\Local\Temp\surefire13441753376134916997\surefirebooter11032526813199729506.jar C:\Users\張鋒石\AppData\Local\Temp\surefire13441753376134916997 2021-10-08T11-44-58_215-jvmRun1 surefire15109866522434700749tmp surefire_01694927364393591163tmp"/>
    <property name="jdk.debug" value="release"/>
    <property name="surefire.test.class.path" value="c:\Users\張鋒石\NUTTDiscordBot\target\test-classes;c:\Users\張鋒石\NUTTDiscordBot\target\classes;C:\Users\張鋒石\.m2\repository\org\spigotmc\spigot-api\1.17.1-R0.1-SNAPSHOT\spigot-api-1.17.1-R0.1-SNAPSHOT.jar;C:\Users\張鋒石\.m2\repository\commons-lang\commons-lang\2.6\commons-lang-2.6.jar;C:\Users\張鋒石\.m2\repository\com\google\guava\guava\21.0\guava-21.0.jar;C:\Users\張鋒石\.m2\repository\com\google\code\gson\gson\2.8.0\gson-2.8.0.jar;C:\Users\張鋒石\.m2\repository\net\md-5\bungeecord-chat\1.16-R0.4\bungeecord-chat-1.16-R0.4.jar;C:\Users\張鋒石\.m2\repository\org\yaml\snakeyaml\1.28\snakeyaml-1.28.jar;C:\Users\張鋒石\.m2\repository\net\dv8tion\JDA\4.3.0_277\JDA-4.3.0_277.jar;C:\Users\張鋒石\.m2\repository\com\google\code\findbugs\jsr305\3.0.2\jsr305-3.0.2.jar;C:\Users\張鋒石\.m2\repository\org\jetbrains\annotations\16.0.1\annotations-16.0.1.jar;C:\Users\張鋒石\.m2\repository\org\slf4j\slf4j-api\1.7.25\slf4j-api-1.7.25.jar;C:\Users\張鋒石\.m2\repository\com\neovisionaries\nv-websocket-client\2.14\nv-websocket-client-2.14.jar;C:\Users\張鋒石\.m2\repository\com\squareup\okhttp3\okhttp\3.13.0\okhttp-3.13.0.jar;C:\Users\張鋒石\.m2\repository\com\squareup\okio\okio\1.17.2\okio-1.17.2.jar;C:\Users\張鋒石\.m2\repository\club\minnced\opus-java-api\1.1.0\opus-java-api-1.1.0.jar;C:\Users\張鋒石\.m2\repository\net\java\dev\jna\jna\4.4.0\jna-4.4.0.jar;C:\Users\張鋒石\.m2\repository\club\minnced\opus-java-natives\1.1.0\opus-java-natives-1.1.0.jar;C:\Users\張鋒石\.m2\repository\org\apache\commons\commons-collections4\4.1\commons-collections4-4.1.jar;C:\Users\張鋒石\.m2\repository\net\sf\trove4j\trove4j\3.0.3\trove4j-3.0.3.jar;C:\Users\張鋒石\.m2\repository\com\fasterxml\jackson\core\jackson-databind\2.10.1\jackson-databind-2.10.1.jar;C:\Users\張鋒石\.m2\repository\com\fasterxml\jackson\core\jackson-annotations\2.10.1\jackson-annotations-2.10.1.jar;C:\Users\張鋒石\.m2\repository\com\fasterxml\jackson\core\jackson-core\2.10.1\jackson-core-2.10.1.jar;C:\Users\張鋒石\.m2\repository\org\jsoup\jsoup\1.14.2\jsoup-1.14.2.jar;"/>
    <property name="sun.cpu.endian" value="little"/>
    <property name="user.home" value="C:\Users\張鋒石"/>
    <property name="user.language" value="zh"/>
    <property name="java.specification.vendor" value="Oracle Corporation"/>
    <property name="java.version.date" value="2021-04-20"/>
    <property name="java.home" value="C:\Program Files\Java\jdk-16.0.1"/>
    <property name="file.separator" value="\"/>
    <property name="basedir" value="c:\Users\張鋒石\NUTTDiscordBot"/>
    <property name="java.vm.compressedOopsMode" value="Zero based"/>
    <property name="line.separator" value="&#10;"/>
    <property name="java.vm.specification.vendor" value="Oracle Corporation"/>
    <property name="java.specification.name" value="Java Platform API Specification"/>
    <property name="surefire.real.class.path" value="C:\Users\張鋒石\AppData\Local\Temp\surefire13441753376134916997\surefirebooter11032526813199729506.jar"/>
    <property name="user.script" value=""/>
    <property name="sun.management.compiler" value="HotSpot 64-Bit Tiered Compilers"/>
    <property name="java.runtime.version" value="16.0.1+9-24"/>
    <property name="user.name" value="張鋒石"/>
    <property name="path.separator" value=";"/>
    <property name="os.version" value="10.0"/>
    <property name="java.runtime.name" value="Java(TM) SE Runtime Environment"/>
    <property name="file.encoding" value="MS950"/>
    <property name="java.vm.name" value="Java HotSpot(TM) 64-Bit Server VM"/>
    <property name="localRepository" value="C:\Users\張鋒石\.m2\repository"/>
    <property name="java.vendor.url.bug" value="https://bugreport.java.com/bugreport/"/>
    <property name="java.io.tmpdir" value="C:\Users\張鋒石\AppData\Local\Temp\"/>
    <property name="java.version" value="16.0.1"/>
    <property name="user.dir" value="c:\Users\張鋒石\NUTTDiscordBot"/>
    <property name="os.arch" value="amd64"/>
    <property name="java.vm.specification.name" value="Java Virtual Machine Specification"/>
    <property name="sun.os.patch.level" value=""/>
    <property name="java.library.path" value="C:\Program Files\Java\jdk-16.0.1\bin;C:\Windows\Sun\Java\bin;C:\Windows\system32;C:\Windows;C:\Program Files\Common Files\Oracle\Java\javapath;C:\Windows\system32;C:\Windows;C:\Windows\System32\Wbem;C:\Windows\System32\WindowsPowerShell\v1.0\;C:\Windows\System32\OpenSSH\;C:\Program Files\Git\cmd;C:\Program Files\Java\jdk-16.0.1\bin;C:\Program Files (x86)\NVIDIA Corporation\PhysX\Common;C:\Program Files\apache-maven-3.8.3\bin;C:\MinGW\bin;C:\Users\張鋒石\AppData\Local\Microsoft\WindowsApps;;C:\Users\張鋒石\AppData\Local\Programs\Microsoft VS Code\bin;."/>
    <property name="java.vm.info" value="mixed mode, sharing"/>
    <property name="java.vendor" value="Oracle Corporation"/>
    <property name="java.vm.version" value="16.0.1+9-24"/>
    <property name="sun.io.unicode.encoding" value="UnicodeLittle"/>
    <property name="java.class.version" value="60.0"/>
  </properties>
</testsuite>